
*** Running vivado
    with args -log Instruction_memory.vds -m64 -product Vivado -mode batch -messageDb vivado.pb -notrace -source Instruction_memory.tcl


****** Vivado v2023.1 (64-bit)
  **** SW Build 3865809 on Sun May  7 15:04:56 MDT 2023
  **** IP Build 3864474 on Sun May  7 20:36:21 MDT 2023
  **** SharedData Build 3865790 on Sun May 07 13:33:03 MDT 2023
    ** Copyright 1986-2022 Xilinx, Inc. All Rights Reserved.
    ** Copyright 2022-2023 Advanced Micro Devices, Inc. All Rights Reserved.

source Instruction_memory.tcl -notrace
Command: read_checkpoint -auto_incremental -incremental /home/barnavon/Bureau/4A/Projet_Sys_Info/Projet-Systeme-Informatique/ALU/ALU.srcs/utils_1/imports/synth_1/ALU.dcp
INFO: [Vivado 12-5825] Read reference checkpoint from /home/barnavon/Bureau/4A/Projet_Sys_Info/Projet-Systeme-Informatique/ALU/ALU.srcs/utils_1/imports/synth_1/ALU.dcp for incremental synthesis
INFO: [Vivado 12-7989] Please ensure there are no constraint changes
Command: synth_design -top Instruction_memory -part xc7a35tcpg236-1
Starting synth_design
Attempting to get a license for feature 'Synthesis' and/or device 'xc7a35t'
INFO: [Common 17-349] Got license for feature 'Synthesis' and/or device 'xc7a35t'
INFO: [Designutils 20-5440] No compile time benefit to using incremental synthesis; A full resynthesis will be run
INFO: [Designutils 20-4379] Flow is switching to default flow due to incremental criteria not met. If you would like to alter this behaviour and have the flow terminate instead, please set the following parameter config_implementation {autoIncr.Synth.RejectBehavior Terminate}
INFO: [Synth 8-7079] Multithreading enabled for synth_design using a maximum of 4 processes.
INFO: [Synth 8-7078] Launching helper process for spawning children vivado processes
INFO: [Synth 8-7075] Helper process launched with PID 4768
---------------------------------------------------------------------------------
Starting Synthesize : Time (s): cpu = 00:00:02 ; elapsed = 00:00:03 . Memory (MB): peak = 1698.684 ; gain = 361.832 ; free physical = 8663 ; free virtual = 20088
---------------------------------------------------------------------------------
INFO: [Synth 8-638] synthesizing module 'Instruction_memory' [/home/barnavon/Bureau/4A/Projet_Sys_Info/Projet-Systeme-Informatique/ALU/ALU.srcs/sources_1/new/Instruction_memory.vhd:44]
INFO: [Synth 8-256] done synthesizing module 'Instruction_memory' (0#1) [/home/barnavon/Bureau/4A/Projet_Sys_Info/Projet-Systeme-Informatique/ALU/ALU.srcs/sources_1/new/Instruction_memory.vhd:44]
---------------------------------------------------------------------------------
Finished Synthesize : Time (s): cpu = 00:00:03 ; elapsed = 00:00:04 . Memory (MB): peak = 1763.621 ; gain = 426.770 ; free physical = 8573 ; free virtual = 20000
---------------------------------------------------------------------------------
---------------------------------------------------------------------------------
Finished Constraint Validation : Time (s): cpu = 00:00:03 ; elapsed = 00:00:05 . Memory (MB): peak = 1781.434 ; gain = 444.582 ; free physical = 8570 ; free virtual = 19998
---------------------------------------------------------------------------------
---------------------------------------------------------------------------------
Start Loading Part and Timing Information
---------------------------------------------------------------------------------
Loading part: xc7a35tcpg236-1
INFO: [Device 21-403] Loading part xc7a35tcpg236-1
---------------------------------------------------------------------------------
Finished Loading Part and Timing Information : Time (s): cpu = 00:00:03 ; elapsed = 00:00:05 . Memory (MB): peak = 1789.438 ; gain = 452.586 ; free physical = 8570 ; free virtual = 19998
---------------------------------------------------------------------------------
---------------------------------------------------------------------------------
Finished RTL Optimization Phase 2 : Time (s): cpu = 00:00:03 ; elapsed = 00:00:05 . Memory (MB): peak = 1789.438 ; gain = 452.586 ; free physical = 8562 ; free virtual = 19991
---------------------------------------------------------------------------------
No constraint files found.
---------------------------------------------------------------------------------
Start RTL Component Statistics 
---------------------------------------------------------------------------------
Detailed RTL Component Info : 
+---Registers : 
	               32 Bit    Registers := 1     
+---Muxes : 
	 257 Input   32 Bit        Muxes := 1     
---------------------------------------------------------------------------------
Finished RTL Component Statistics 
---------------------------------------------------------------------------------
---------------------------------------------------------------------------------
Start Part Resource Summary
---------------------------------------------------------------------------------
Part Resources:
DSPs: 90 (col length:60)
BRAMs: 100 (col length: RAMB18 60 RAMB36 30)
---------------------------------------------------------------------------------
Finished Part Resource Summary
---------------------------------------------------------------------------------
No constraint files found.
---------------------------------------------------------------------------------
Start Cross Boundary and Area Optimization
---------------------------------------------------------------------------------
WARNING: [Synth 8-7080] Parallel synthesis criteria is not met
---------------------------------------------------------------------------------
Finished Cross Boundary and Area Optimization : Time (s): cpu = 00:00:06 ; elapsed = 00:00:12 . Memory (MB): peak = 1918.656 ; gain = 581.805 ; free physical = 8182 ; free virtual = 19751
---------------------------------------------------------------------------------
No constraint files found.
---------------------------------------------------------------------------------
Start Timing Optimization
---------------------------------------------------------------------------------
---------------------------------------------------------------------------------
Finished Timing Optimization : Time (s): cpu = 00:00:06 ; elapsed = 00:00:12 . Memory (MB): peak = 1918.656 ; gain = 581.805 ; free physical = 8177 ; free virtual = 19746
---------------------------------------------------------------------------------
---------------------------------------------------------------------------------
Start Technology Mapping
---------------------------------------------------------------------------------
---------------------------------------------------------------------------------
Finished Technology Mapping : Time (s): cpu = 00:00:06 ; elapsed = 00:00:12 . Memory (MB): peak = 1918.656 ; gain = 581.805 ; free physical = 8171 ; free virtual = 19740
---------------------------------------------------------------------------------
---------------------------------------------------------------------------------
Start IO Insertion
---------------------------------------------------------------------------------
---------------------------------------------------------------------------------
Start Flattening Before IO Insertion
---------------------------------------------------------------------------------
---------------------------------------------------------------------------------
Finished Flattening Before IO Insertion
---------------------------------------------------------------------------------
---------------------------------------------------------------------------------
Start Final Netlist Cleanup
---------------------------------------------------------------------------------
---------------------------------------------------------------------------------
Finished Final Netlist Cleanup
---------------------------------------------------------------------------------
---------------------------------------------------------------------------------
Finished IO Insertion : Time (s): cpu = 00:00:08 ; elapsed = 00:00:14 . Memory (MB): peak = 1918.656 ; gain = 581.805 ; free physical = 7734 ; free virtual = 19384
---------------------------------------------------------------------------------
---------------------------------------------------------------------------------
Start Renaming Generated Instances
---------------------------------------------------------------------------------
---------------------------------------------------------------------------------
Finished Renaming Generated Instances : Time (s): cpu = 00:00:08 ; elapsed = 00:00:14 . Memory (MB): peak = 1918.656 ; gain = 581.805 ; free physical = 7734 ; free virtual = 19384
---------------------------------------------------------------------------------
---------------------------------------------------------------------------------
Start Rebuilding User Hierarchy
---------------------------------------------------------------------------------
---------------------------------------------------------------------------------
Finished Rebuilding User Hierarchy : Time (s): cpu = 00:00:08 ; elapsed = 00:00:14 . Memory (MB): peak = 1918.656 ; gain = 581.805 ; free physical = 7730 ; free virtual = 19381
---------------------------------------------------------------------------------
---------------------------------------------------------------------------------
Start Renaming Generated Ports
---------------------------------------------------------------------------------
---------------------------------------------------------------------------------
Finished Renaming Generated Ports : Time (s): cpu = 00:00:08 ; elapsed = 00:00:14 . Memory (MB): peak = 1918.656 ; gain = 581.805 ; free physical = 7729 ; free virtual = 19380
---------------------------------------------------------------------------------
---------------------------------------------------------------------------------
Start Handling Custom Attributes
---------------------------------------------------------------------------------
---------------------------------------------------------------------------------
Finished Handling Custom Attributes : Time (s): cpu = 00:00:08 ; elapsed = 00:00:14 . Memory (MB): peak = 1918.656 ; gain = 581.805 ; free physical = 7729 ; free virtual = 19380
---------------------------------------------------------------------------------
---------------------------------------------------------------------------------
Start Renaming Generated Nets
---------------------------------------------------------------------------------
---------------------------------------------------------------------------------
Finished Renaming Generated Nets : Time (s): cpu = 00:00:08 ; elapsed = 00:00:14 . Memory (MB): peak = 1918.656 ; gain = 581.805 ; free physical = 7729 ; free virtual = 19380
---------------------------------------------------------------------------------
---------------------------------------------------------------------------------
Start Writing Synthesis Report
---------------------------------------------------------------------------------

Report BlackBoxes: 
+-+--------------+----------+
| |BlackBox name |Instances |
+-+--------------+----------+
+-+--------------+----------+

Report Cell Usage: 
+------+-----+------+
|      |Cell |Count |
+------+-----+------+
|1     |OBUF |    32|
+------+-----+------+

Report Instance Areas: 
+------+---------+-------+------+
|      |Instance |Module |Cells |
+------+---------+-------+------+
|1     |top      |       |    32|
+------+---------+-------+------+
---------------------------------------------------------------------------------
Finished Writing Synthesis Report : Time (s): cpu = 00:00:08 ; elapsed = 00:00:14 . Memory (MB): peak = 1918.656 ; gain = 581.805 ; free physical = 7729 ; free virtual = 19380
---------------------------------------------------------------------------------
Synthesis finished with 0 errors, 0 critical warnings and 1 warnings.
Synthesis Optimization Runtime : Time (s): cpu = 00:00:08 ; elapsed = 00:00:14 . Memory (MB): peak = 1918.656 ; gain = 581.805 ; free physical = 7729 ; free virtual = 19380
Synthesis Optimization Complete : Time (s): cpu = 00:00:08 ; elapsed = 00:00:14 . Memory (MB): peak = 1918.664 ; gain = 581.805 ; free physical = 7729 ; free virtual = 19380
INFO: [Project 1-571] Translating synthesized netlist
Netlist sorting complete. Time (s): cpu = 00:00:00 ; elapsed = 00:00:00.01 . Memory (MB): peak = 1924.594 ; gain = 0.000 ; free physical = 7713 ; free virtual = 19367
INFO: [Project 1-570] Preparing netlist for logic optimization
INFO: [Opt 31-138] Pushed 0 inverter(s) to 0 load pin(s).
Netlist sorting complete. Time (s): cpu = 00:00:00 ; elapsed = 00:00:00 . Memory (MB): peak = 2009.250 ; gain = 0.000 ; free physical = 7954 ; free virtual = 19611
INFO: [Project 1-111] Unisim Transformation Summary:
No Unisim elements were transformed.

Synth Design complete | Checksum: de7aee34
INFO: [Common 17-83] Releasing license: Synthesis
16 Infos, 1 Warnings, 0 Critical Warnings and 0 Errors encountered.
synth_design completed successfully
synth_design: Time (s): cpu = 00:00:10 ; elapsed = 00:00:16 . Memory (MB): peak = 2009.250 ; gain = 672.398 ; free physical = 7954 ; free virtual = 19611
INFO: [Common 17-2834] synth_design peak Physical Memory [PSS] (MB): overall = 1447.477; main = 1319.799; forked = 383.841
INFO: [Common 17-2834] synth_design peak Virtual Memory [VSS] (MB): overall = 2785.199; main = 2009.254; forked = 977.945
INFO: [Common 17-1381] The checkpoint '/home/barnavon/Bureau/4A/Projet_Sys_Info/Projet-Systeme-Informatique/ALU/ALU.runs/synth_1/Instruction_memory.dcp' has been generated.
INFO: [runtcl-4] Executing : report_utilization -file Instruction_memory_utilization_synth.rpt -pb Instruction_memory_utilization_synth.pb
INFO: [Common 17-206] Exiting Vivado at Wed May 22 08:13:39 2024...
